<?xml version="1.0" encoding="UTF-8"?>
<!-- Generated by org.testng.reporters.JUnitXMLReporter -->
<testsuite hostname="NikunjLaptop" name="Wolfram Cloud Verify .nb extension" tests="2" failures="0" timestamp="30 Oct 2015 23:46:03 GMT" time="4.28" errors="0">
  <testcase name="verfiyTextBoxEnables" time="4.211" classname="testcases.VerfiyDotNBExtension"/>
  <testcase name="verifyDotNBExtension" time="0.067" classname="testcases.VerfiyDotNBExtension"/>
</testsuite> <!-- Wolfram Cloud Verify .nb extension -->
