<?xml version="1.0" encoding="UTF-8"?>
<!-- Generated by org.testng.reporters.JUnitXMLReporter -->
<testsuite hostname="NikunjLaptop" name="Wolfram Cloud Logout from Unnamed Page" tests="3" failures="0" timestamp="30 Oct 2015 23:46:08 GMT" time="4.783" errors="0">
  <testcase name="checkTitleOfPage" time="2.026" classname="testcases.LogoutFromUnnamedPage"/>
  <testcase name="clickOnLogoutLink" time="0.28" classname="testcases.LogoutFromUnnamedPage"/>
  <testcase name="logoutFromUnnamedPage" time="2.474" classname="testcases.LogoutFromUnnamedPage"/>
</testsuite> <!-- Wolfram Cloud Logout from Unnamed Page -->
