<?xml version="1.0" encoding="UTF-8"?>
<!-- Generated by org.testng.reporters.JUnitXMLReporter -->
<testsuite hostname="NikunjLaptop" name="Wolfram Cloud Home Page Testing" tests="11" failures="0" timestamp="30 Oct 2015 23:45:49 GMT" time="2.335" errors="0">
  <testcase name="checkIfNewButtonExists" time="0.161" classname="testcases.HomeScreenTest"/>
  <testcase name="homeScreenTitleTest" time="0.032" classname="testcases.HomeScreenTest"/>
  <testcase name="checkIfNewButtonExpendsToDifferentFileOptions" time="1.521" classname="testcases.HomeScreenTest"/>
  <testcase name="checkIfCSSOptionPresent" time="0.06" classname="testcases.HomeScreenTest"/>
  <testcase name="checkIfHTMLOptionPresent" time="0.063" classname="testcases.HomeScreenTest"/>
  <testcase name="checkIfJavaScriptOptionPresent" time="0.062" classname="testcases.HomeScreenTest"/>
  <testcase name="checkIfNotepadOptionPresent" time="0.103" classname="testcases.HomeScreenTest"/>
  <testcase name="checkIfPackageOptionPresent" time="0.063" classname="testcases.HomeScreenTest"/>
  <testcase name="checkIfTemplateOptionPresent" time="0.062" classname="testcases.HomeScreenTest"/>
  <testcase name="checkIfTextOptionPresent" time="0.119" classname="testcases.HomeScreenTest"/>
  <testcase name="checkIfXMLOptionPresent" time="0.074" classname="testcases.HomeScreenTest"/>
</testsuite> <!-- Wolfram Cloud Home Page Testing -->
