<?xml version="1.0" encoding="UTF-8"?>
<!-- Generated by org.testng.reporters.JUnitXMLReporter -->
<testsuite hostname="NikunjLaptop" name="Wolfram Cloud Logout New User" tests="3" failures="0" timestamp="30 Oct 2015 23:45:33 GMT" time="4.958" errors="0">
  <testcase name="checkTitleOfPage" time="0.038" classname="testcases.LogOutNewUser"/>
  <testcase name="clickOnlogoutLinkNewUser" time="0.516" classname="testcases.LogOutNewUser"/>
  <testcase name="logoutNewUser" time="4.399" classname="testcases.LogOutNewUser"/>
</testsuite> <!-- Wolfram Cloud Logout New User -->
