<?xml version="1.0" encoding="UTF-8"?>
<!-- Generated by org.testng.reporters.JUnitXMLReporter -->
<testsuite hostname="NikunjLaptop" name="Wolfram Cloud Open Development Platform Page Again" tests="2" failures="0" timestamp="30 Oct 2015 23:45:33 GMT" time="0.276" errors="0">
  <testcase name="checkTitleOfWolframCloud" time="0.034" classname="testcases.OpenDevelopmentPlatform"/>
  <testcase name="openDevelopmentPlatform" time="0.238" classname="testcases.OpenDevelopmentPlatform"/>
</testsuite> <!-- Wolfram Cloud Open Development Platform Page Again -->
