<?xml version="1.0" encoding="UTF-8"?>
<!-- Generated by org.testng.reporters.JUnitXMLReporter -->
<testsuite hostname="NikunjLaptop" name="Wolfram Cloud New User Register Account Details" tests="2" failures="0" timestamp="30 Oct 2015 23:45:28 GMT" time="46.343" errors="0">
  <testcase name="checkTitleOfPage" time="0.029" classname="testcases.CreateWolframAccountPage"/>
  <testcase name="createWolframAccountPage" time="46.311" classname="testcases.CreateWolframAccountPage"/>
</testsuite> <!-- Wolfram Cloud New User Register Account Details -->
