<?xml version="1.0" encoding="UTF-8"?>
<!-- Generated by org.testng.reporters.JUnitXMLReporter -->
<testsuite hostname="NikunjLaptop" name="Wolfram Cloud New User Click on Create Account" tests="2" failures="0" timestamp="30 Oct 2015 23:44:41 GMT" time="3.375" errors="0">
  <testcase name="checkTitleOfThePage" time="0.029" classname="testcases.NewUserCreateWolframID"/>
  <testcase name="newUserCreateWolframID" time="3.342" classname="testcases.NewUserCreateWolframID"/>
</testsuite> <!-- Wolfram Cloud New User Click on Create Account -->
